<?xml version="1.0" encoding="UTF-8"?>
<testng-results ignored="0" total="1" passed="1" failed="0" skipped="0">
  <reporter-output>
  </reporter-output>
  <suite started-at="2023-11-02T15:53:26 IST" name="Default suite" finished-at="2023-11-02T15:53:43 IST" duration-ms="16990">
    <groups>
    </groups>
    <test started-at="2023-11-02T15:53:26 IST" name="Default test" finished-at="2023-11-02T15:53:43 IST" duration-ms="16990">
      <class name="Assignment">
        <test-method is-config="true" signature="beforeTest()[pri:0, instance:Assignment@51850751]" started-at="2023-11-02T15:53:26 IST" name="beforeTest" finished-at="2023-11-02T15:53:30 IST" duration-ms="4010" status="PASS">
          <reporter-output>
          </reporter-output>
        </test-method> <!-- beforeTest -->
        <test-method signature="test()[pri:0, instance:Assignment@51850751]" started-at="2023-11-02T15:53:30 IST" name="test" finished-at="2023-11-02T15:53:43 IST" duration-ms="12744" status="PASS">
          <reporter-output>
          </reporter-output>
        </test-method> <!-- test -->
        <test-method is-config="true" signature="afterTest()[pri:0, instance:Assignment@51850751]" started-at="2023-11-02T15:53:43 IST" name="afterTest" finished-at="2023-11-02T15:53:43 IST" duration-ms="206" status="PASS">
          <reporter-output>
          </reporter-output>
        </test-method> <!-- afterTest -->
      </class> <!-- Assignment -->
    </test> <!-- Default test -->
  </suite> <!-- Default suite -->
</testng-results>
